2025-06-29 10:39:14,449 - ERROR - Критическая ошибка: wrong # args: should be ".!frame.!canvas lower tagOrId ?belowThis?"
2025-06-29 10:39:19,819 - ERROR - Критическая ошибка: wrong # args: should be ".!frame.!canvas lower tagOrId ?belowThis?"
2025-06-29 10:43:18,796 - ERROR - Критическая ошибка: invalid boolean operator in tag search expression
2025-06-29 10:45:33,515 - ERROR - Критическая ошибка: 'RaccoonBruteforceApp' object has no attribute 'setup_settings_accordion'
2025-06-29 10:45:54,267 - ERROR - Критическая ошибка: 'RaccoonBruteforceApp' object has no attribute 'setup_settings_accordion'
2025-06-29 10:49:06,673 - ERROR - Критическая ошибка: 'RaccoonBruteforceApp' object has no attribute 'setup_animated_background'
2025-06-29 10:55:04,836 - ERROR - Критическая ошибка: wrong # args: should be ".!frame.!canvas lower tagOrId ?belowThis?"
2025-06-29 10:58:43,369 - ERROR - Критическая ошибка: wrong # args: should be ".!frame.!canvas lower tagOrId ?belowThis?"
2025-06-29 10:58:49,716 - ERROR - Критическая ошибка: wrong # args: should be ".!frame.!canvas lower tagOrId ?belowThis?"
2025-06-29 10:59:01,913 - ERROR - Критическая ошибка: wrong # args: should be ".!frame.!canvas lower tagOrId ?belowThis?"
2025-06-29 11:04:33,529 - ERROR - Критическая ошибка: 'RaccoonBruteforceApp' object has no attribute 'setup_settings'
2025-06-29 11:04:59,736 - ERROR - Критическая ошибка: 'RaccoonBruteforceApp' object has no attribute 'setup_settings'
2025-06-29 11:15:57,294 - ERROR - Критическая ошибка: wrong # args: should be ".!frame.!canvas lower tagOrId ?belowThis?"
2025-06-29 14:06:54,196 - ERROR - Критическая ошибка: wrong # args: should be ".!frame.!canvas lower tagOrId ?belowThis?"
2025-06-29 14:13:04,654 - ERROR - Критическая ошибка: invalid boolean operator in tag search expression
2025-06-29 14:15:26,718 - INFO - Звук start загружен успешно
2025-06-29 14:15:26,718 - INFO - Звук click загружен успешно
2025-06-29 14:15:26,725 - INFO - Звук success загружен успешно
2025-06-29 14:15:26,725 - INFO - Звук error загружен успешно
2025-06-29 14:15:27,446 - INFO - Анимация енота загружена успешно
2025-06-29 14:15:27,523 - INFO - Иконка приложения загружена успешно
2025-06-29 14:16:18,317 - INFO - Выбран файл с паролями: C:/Users/danil/OneDrive/Рабочий стол/MineBrute-main/500-worst-passwords.txt
2025-06-29 14:25:49,559 - INFO - Звук start загружен успешно
2025-06-29 14:25:49,560 - INFO - Звук click загружен успешно
2025-06-29 14:25:49,656 - INFO - Звук success загружен успешно
2025-06-29 14:25:49,657 - INFO - Звук error загружен успешно
2025-06-29 14:25:50,913 - INFO - Анимация енота загружена успешно
2025-06-29 14:25:50,988 - INFO - Иконка приложения загружена успешно
2025-06-29 14:26:39,802 - INFO - Выбран файл с паролями: C:/Users/danil/OneDrive/Рабочий стол/MineBrute-main/500-worst-passwords.txt
2025-06-29 14:27:15,835 - INFO - [Попытка 1] Введено: /login "1234567"...
2025-06-29 14:27:17,364 - INFO - [Попытка 2] Введено: /login "driver"...
2025-06-29 14:27:18,882 - INFO - [Попытка 3] Введено: /login "erotic"...
2025-06-29 14:27:20,401 - INFO - [Попытка 4] Введено: /login "little"...
2025-06-29 14:27:21,917 - INFO - [Попытка 5] Введено: /login "newyork"...
2025-06-29 14:27:23,434 - INFO - [Попытка 6] Введено: /login "member"...
2025-06-29 14:27:24,953 - INFO - [Попытка 7] Введено: /login "killer"...
2025-06-29 14:27:26,477 - INFO - [Попытка 8] Введено: /login "topgun"...
2025-06-29 14:27:27,993 - INFO - [Попытка 9] Введено: /login "123456"...
2025-06-29 14:27:29,523 - INFO - [Попытка 10] Введено: /login "chicken"...
2025-06-29 14:27:29,574 - INFO - Брутфорс остановлен
2025-06-29 14:27:35,816 - INFO - Брутфорс остановлен
2025-06-29 14:27:59,909 - INFO - [Попытка 1] Введено: /login "1234567"...
2025-06-29 14:28:01,426 - INFO - [Попытка 2] Введено: /login "driver"...
2025-06-29 14:28:02,948 - INFO - [Попытка 3] Введено: /login "erotic"...
2025-06-29 14:28:04,463 - INFO - [Попытка 4] Введено: /login "little"...
2025-06-29 14:28:05,985 - INFO - [Попытка 5] Введено: /login "newyork"...
2025-06-29 14:28:07,499 - INFO - [Попытка 6] Введено: /login "member"...
2025-06-29 14:28:09,036 - INFO - [Попытка 7] Введено: /login "killer"...
2025-06-29 14:28:09,548 - INFO - Брутфорс остановлен
2025-06-29 14:28:10,567 - INFO - [Попытка 8] Введено: /login "topgun"...
2025-06-29 14:28:11,069 - INFO - Брутфорс остановлен
2025-06-29 14:28:39,163 - INFO - [Попытка 1] Введено: /login "1234567"...
2025-06-29 14:28:40,679 - INFO - [Попытка 2] Введено: /login "driver"...
2025-06-29 14:28:42,199 - INFO - [Попытка 3] Введено: /login "erotic"...
2025-06-29 14:28:43,715 - INFO - [Попытка 4] Введено: /login "little"...
2025-06-29 14:28:45,235 - INFO - [Попытка 5] Введено: /login "newyork"...
2025-06-29 14:28:46,749 - INFO - [Попытка 6] Введено: /login "member"...
2025-06-29 14:28:48,270 - INFO - [Попытка 7] Введено: /login "killer"...
2025-06-29 14:28:49,783 - INFO - [Попытка 8] Введено: /login "topgun"...
2025-06-29 14:28:51,303 - INFO - [Попытка 9] Введено: /login "123456"...
2025-06-29 14:28:52,819 - INFO - [Попытка 10] Введено: /login "chicken"...
2025-06-29 14:29:51,508 - INFO - [Попытка 11] Введено: /login "xxxxx"...
2025-06-29 14:29:53,178 - INFO - [Попытка 12] Введено: /login "master"...
2025-06-29 14:29:54,841 - INFO - [Попытка 13] Введено: /login "phoenix"...
2025-06-29 14:29:56,511 - INFO - [Попытка 14] Введено: /login "redwings"...
2025-06-29 14:30:39,338 - INFO - Брутфорс остановлен
2025-06-29 14:32:41,954 - INFO - Звук start загружен успешно
2025-06-29 14:32:41,954 - INFO - Звук click загружен успешно
2025-06-29 14:32:41,962 - INFO - Звук success загружен успешно
2025-06-29 14:32:41,962 - INFO - Звук error загружен успешно
2025-06-29 14:32:42,701 - INFO - Анимация енота загружена успешно
2025-06-29 14:32:42,770 - INFO - Иконка приложения загружена успешно
2025-06-29 14:33:43,766 - ERROR - Критическая ошибка: 'RaccoonBruteforceApp' object has no attribute 'setup_styles'
2025-06-29 14:35:31,623 - INFO - Звук start загружен успешно
2025-06-29 14:35:31,623 - INFO - Звук click загружен успешно
2025-06-29 14:35:31,631 - INFO - Звук success загружен успешно
2025-06-29 14:35:31,632 - INFO - Звук error загружен успешно
2025-06-29 14:35:32,394 - INFO - Анимация енота загружена успешно
2025-06-29 14:35:32,461 - INFO - Иконка приложения загружена успешно
2025-06-29 14:36:04,493 - INFO - Звук start загружен успешно
2025-06-29 14:36:04,494 - INFO - Звук click загружен успешно
2025-06-29 14:36:04,501 - INFO - Звук success загружен успешно
2025-06-29 14:36:04,501 - INFO - Звук error загружен успешно
2025-06-29 14:36:05,228 - INFO - Анимация енота загружена успешно
2025-06-29 14:36:05,295 - INFO - Иконка приложения загружена успешно
2025-06-29 14:36:27,191 - INFO - Выбран файл с паролями: C:/Users/danil/OneDrive/Рабочий стол/MineBrute-main/500-worst-passwords.txt
